2025-12-13T19:39:36.732Z [INFO]: POST /api/auth/signin
2025-12-13T19:39:36.775Z [ERROR]: Cannot set property query of #<IncomingMessage> which has only a getter - POST /api/auth/signin
2025-12-14T14:34:16.849Z [INFO]: OPTIONS /api/auth/signin/
2025-12-14T14:34:16.857Z [ERROR]: Cannot set property query of #<IncomingMessage> which has only a getter - OPTIONS /api/auth/signin/
2025-12-14T14:38:52.483Z [INFO]: OPTIONS /api/auth/signin/
2025-12-14T14:38:52.505Z [INFO]: POST /api/auth/signin/
2025-12-14T14:38:52.564Z [ERROR]: Cannot set property query of #<IncomingMessage> which has only a getter - POST /api/auth/signin/
2025-12-14T14:39:23.879Z [INFO]: OPTIONS /api/auth/signin/
2025-12-14T14:39:23.898Z [INFO]: POST /api/auth/signin/
2025-12-14T14:39:23.951Z [ERROR]: Cannot set property query of #<IncomingMessage> which has only a getter - POST /api/auth/signin/
2025-12-14T14:47:19.132Z [INFO]: OPTIONS /api/auth/signin/
2025-12-14T14:47:19.148Z [INFO]: POST /api/auth/signin/
2025-12-14T14:47:19.186Z [ERROR]: Not allowed by CORS - POST /api/auth/signin/
2025-12-14T14:47:32.850Z [INFO]: OPTIONS /api/auth/signin/
2025-12-14T14:47:32.859Z [INFO]: POST /api/auth/signin/
2025-12-14T14:47:32.868Z [ERROR]: Not allowed by CORS - POST /api/auth/signin/
2025-12-14T14:48:21.429Z [INFO]: OPTIONS /api/auth/signin/
2025-12-14T14:48:21.456Z [INFO]: POST /api/auth/signin/
2025-12-14T14:49:24.490Z [INFO]: OPTIONS /api/auth/signin/
2025-12-14T14:49:24.528Z [INFO]: POST /api/auth/signin/
2025-12-14T14:52:30.459Z [INFO]: OPTIONS /api/auth/signin/
2025-12-14T14:52:30.471Z [INFO]: POST /api/auth/signin/
2025-12-14T14:52:39.929Z [INFO]: OPTIONS /api/auth/user/
2025-12-14T14:52:39.957Z [INFO]: OPTIONS /api/order/orderlist
2025-12-14T14:52:39.972Z [INFO]: GET /api/auth/user/
2025-12-14T14:52:40.007Z [INFO]: GET /api/order/orderlist
2025-12-14T15:04:47.407Z [INFO]: OPTIONS /api/auth/user/
2025-12-14T15:04:47.413Z [INFO]: OPTIONS /api/order/orderlist
2025-12-14T15:04:47.419Z [INFO]: GET /api/auth/user/
2025-12-14T15:04:47.442Z [INFO]: GET /api/order/orderlist
2025-12-14T15:16:21.434Z [INFO]: OPTIONS /api/additionalscan/additionalscans
2025-12-14T15:16:21.455Z [INFO]: OPTIONS /api/category/categories/dropdown
2025-12-14T15:16:21.459Z [INFO]: OPTIONS /api/additionalscan/additionalscans/dropdown
2025-12-14T15:16:21.465Z [INFO]: OPTIONS /api/additionalscan/additionalscans
2025-12-14T15:16:21.473Z [INFO]: OPTIONS /api/color/colors/dropdown
2025-12-14T15:16:21.492Z [INFO]: OPTIONS /api/auth/user/
2025-12-14T15:16:21.507Z [INFO]: GET /api/color/colors/dropdown
2025-12-14T15:16:21.569Z [INFO]: GET /api/additionalscan/additionalscans
2025-12-14T15:16:21.579Z [INFO]: GET /api/category/categories/dropdown
2025-12-14T15:16:21.592Z [INFO]: GET /api/additionalscan/additionalscans/dropdown
2025-12-14T15:16:21.604Z [INFO]: GET /api/additionalscan/additionalscans
2025-12-14T15:16:21.616Z [INFO]: GET /api/auth/user/
2025-12-14T15:16:22.082Z [INFO]: GET /uploads/Group%201000004778-1765534632495-956037955.png
2025-12-14T15:16:22.088Z [INFO]: GET /uploads/Group%201000004775%20(1)-1765392265965-831217949-1765534612642-610823979.png
2025-12-14T15:16:22.093Z [WARN]: 404 Path Not Found: GET /uploads/Group%201000004778-1765534632495-956037955.png
2025-12-14T15:16:22.097Z [WARN]: 404 Path Not Found: GET /uploads/Group%201000004775%20(1)-1765392265965-831217949-1765534612642-610823979.png
2025-12-14T15:16:22.100Z [INFO]: GET /uploads/empty-wallet-tick-1764694194298-487648042.png
2025-12-14T15:16:22.105Z [WARN]: 404 Path Not Found: GET /uploads/empty-wallet-tick-1764694194298-487648042.png
2025-12-14T15:17:22.385Z [INFO]: OPTIONS /api/auth/user/
2025-12-14T15:17:22.397Z [INFO]: GET /api/auth/user/
2025-12-14T15:17:22.465Z [INFO]: OPTIONS /api/additionalscan/additionalscans
2025-12-14T15:17:22.477Z [INFO]: OPTIONS /api/color/colors/dropdown
2025-12-14T15:17:22.500Z [INFO]: OPTIONS /api/category/categories/dropdown
2025-12-14T15:17:22.527Z [INFO]: OPTIONS /api/additionalscan/additionalscans/dropdown
2025-12-14T15:17:22.534Z [INFO]: OPTIONS /api/additionalscan/additionalscans
2025-12-14T15:17:22.552Z [INFO]: GET /api/additionalscan/additionalscans
2025-12-14T15:17:22.592Z [INFO]: GET /api/color/colors/dropdown
2025-12-14T15:17:22.609Z [INFO]: GET /api/category/categories/dropdown
2025-12-14T15:17:22.623Z [INFO]: GET /api/additionalscan/additionalscans/dropdown
2025-12-14T15:17:22.634Z [INFO]: GET /api/additionalscan/additionalscans
2025-12-14T15:17:23.178Z [INFO]: GET /uploads/Group%201000004778-1765534632495-956037955.png
2025-12-14T15:17:23.225Z [INFO]: GET /uploads/Group%201000004775%20(1)-1765392265965-831217949-1765534612642-610823979.png
2025-12-14T15:17:23.231Z [INFO]: GET /uploads/empty-wallet-tick-1764694194298-487648042.png
2025-12-14T15:17:23.247Z [WARN]: 404 Path Not Found: GET /uploads/Group%201000004778-1765534632495-956037955.png
2025-12-14T15:17:23.252Z [WARN]: 404 Path Not Found: GET /uploads/Group%201000004775%20(1)-1765392265965-831217949-1765534612642-610823979.png
2025-12-14T15:17:23.257Z [WARN]: 404 Path Not Found: GET /uploads/empty-wallet-tick-1764694194298-487648042.png
2025-12-14T15:20:35.934Z [INFO]: OPTIONS /api/auth/user/
2025-12-14T15:20:35.960Z [INFO]: OPTIONS /api/additionalscan/additionalscans
2025-12-14T15:20:35.972Z [INFO]: OPTIONS /api/color/colors/dropdown
2025-12-14T15:20:35.982Z [INFO]: OPTIONS /api/category/categories/dropdown
2025-12-14T15:20:35.986Z [INFO]: OPTIONS /api/additionalscan/additionalscans/dropdown
2025-12-14T15:20:35.990Z [INFO]: OPTIONS /api/additionalscan/additionalscans
2025-12-14T15:20:35.997Z [INFO]: GET /api/auth/user/
2025-12-14T15:20:36.099Z [INFO]: GET /api/additionalscan/additionalscans
2025-12-14T15:20:36.117Z [INFO]: GET /api/color/colors/dropdown
2025-12-14T15:20:36.133Z [INFO]: GET /api/category/categories/dropdown
2025-12-14T15:20:36.144Z [INFO]: GET /api/additionalscan/additionalscans/dropdown
2025-12-14T15:20:36.160Z [INFO]: GET /api/additionalscan/additionalscans
2025-12-14T15:20:36.630Z [INFO]: GET /uploads/Group%201000004778-1765534632495-956037955.png
2025-12-14T15:20:36.635Z [INFO]: GET /uploads/Group%201000004775%20(1)-1765392265965-831217949-1765534612642-610823979.png
2025-12-14T15:20:36.640Z [INFO]: GET /uploads/empty-wallet-tick-1764694194298-487648042.png
2025-12-14T15:20:59.557Z [INFO]: OPTIONS /api/auth/user/
2025-12-14T15:20:59.560Z [INFO]: OPTIONS /api/order/orderlist
2025-12-14T15:20:59.571Z [INFO]: GET /api/auth/user/
2025-12-14T15:20:59.590Z [INFO]: GET /api/order/orderlist
2025-12-14T15:21:02.041Z [INFO]: GET /uploads/empty-wallet-tick-1764694194298-487648042.png
2025-12-14T15:21:05.171Z [INFO]: GET /favicon.ico
2025-12-14T15:21:05.179Z [WARN]: 404 Path Not Found: GET /favicon.ico
2025-12-14T15:21:29.029Z [INFO]: OPTIONS /api/auth/user/
2025-12-14T15:21:29.037Z [INFO]: OPTIONS /api/color/colors/dropdown
2025-12-14T15:21:29.039Z [INFO]: OPTIONS /api/additionalscan/additionalscans
2025-12-14T15:21:29.043Z [INFO]: OPTIONS /api/category/categories/dropdown
2025-12-14T15:21:29.052Z [INFO]: OPTIONS /api/additionalscan/additionalscans/dropdown
2025-12-14T15:21:29.056Z [INFO]: OPTIONS /api/additionalscan/additionalscans
2025-12-14T15:21:29.067Z [INFO]: GET /api/auth/user/
2025-12-14T15:21:29.083Z [INFO]: GET /api/color/colors/dropdown
2025-12-14T15:21:29.104Z [INFO]: GET /api/additionalscan/additionalscans
2025-12-14T15:21:29.131Z [INFO]: GET /api/category/categories/dropdown
2025-12-14T15:21:29.145Z [INFO]: GET /api/additionalscan/additionalscans/dropdown
2025-12-14T15:21:29.157Z [INFO]: GET /api/additionalscan/additionalscans
2025-12-14T15:23:14.898Z [INFO]: OPTIONS /api/auth/user/
2025-12-14T15:23:14.900Z [INFO]: OPTIONS /api/additionalscan/additionalscans
2025-12-14T15:23:14.903Z [INFO]: OPTIONS /api/category/categories/dropdown
2025-12-14T15:23:14.906Z [INFO]: OPTIONS /api/color/colors/dropdown
2025-12-14T15:23:14.910Z [INFO]: GET /api/auth/user/
2025-12-14T15:23:14.922Z [INFO]: OPTIONS /api/additionalscan/additionalscans/dropdown
2025-12-14T15:23:14.924Z [INFO]: OPTIONS /api/additionalscan/additionalscans
2025-12-14T15:23:14.927Z [INFO]: GET /api/additionalscan/additionalscans
2025-12-14T15:23:14.936Z [INFO]: GET /api/category/categories/dropdown
2025-12-14T15:23:14.944Z [INFO]: GET /api/color/colors/dropdown
2025-12-14T15:23:14.953Z [INFO]: GET /api/additionalscan/additionalscans/dropdown
2025-12-14T15:23:14.966Z [INFO]: GET /api/additionalscan/additionalscans
2025-12-14T15:23:15.697Z [INFO]: GET /uploads/Group%201000004778-1765534632495-956037955.png
2025-12-14T15:23:15.706Z [INFO]: GET /uploads/Group%201000004775%20(1)-1765392265965-831217949-1765534612642-610823979.png
2025-12-14T15:23:15.713Z [INFO]: GET /uploads/empty-wallet-tick-1764694194298-487648042.png
2025-12-14T15:23:46.291Z [INFO]: OPTIONS /api/auth/user/
2025-12-14T15:23:46.294Z [INFO]: OPTIONS /api/additionalscan/additionalscans
2025-12-14T15:23:46.296Z [INFO]: OPTIONS /api/color/colors/dropdown
2025-12-14T15:23:46.298Z [INFO]: OPTIONS /api/additionalscan/additionalscans/dropdown
2025-12-14T15:23:46.303Z [INFO]: OPTIONS /api/category/categories/dropdown
2025-12-14T15:23:46.307Z [INFO]: OPTIONS /api/additionalscan/additionalscans
2025-12-14T15:23:46.310Z [INFO]: GET /api/auth/user/
2025-12-14T15:23:46.319Z [INFO]: GET /api/additionalscan/additionalscans
2025-12-14T15:23:46.326Z [INFO]: GET /api/color/colors/dropdown
2025-12-14T15:23:46.336Z [INFO]: GET /api/additionalscan/additionalscans/dropdown
2025-12-14T15:23:46.361Z [INFO]: GET /api/category/categories/dropdown
2025-12-14T15:23:46.379Z [INFO]: GET /api/additionalscan/additionalscans
2025-12-14T15:23:46.794Z [INFO]: GET /uploads/Group%201000004778-1765534632495-956037955.png
2025-12-14T15:23:46.798Z [INFO]: GET /uploads/Group%201000004775%20(1)-1765392265965-831217949-1765534612642-610823979.png
2025-12-14T15:23:46.801Z [INFO]: GET /uploads/empty-wallet-tick-1764694194298-487648042.png
2025-12-14T15:24:09.662Z [INFO]: GET /uploads/empty-wallet-tick-1764694194298-487648042.png
2025-12-14T15:24:14.818Z [INFO]: OPTIONS /api/auth/user/
2025-12-14T15:24:14.820Z [INFO]: OPTIONS /api/additionalscan/additionalscans
2025-12-14T15:24:14.822Z [INFO]: OPTIONS /api/color/colors/dropdown
2025-12-14T15:24:14.825Z [INFO]: OPTIONS /api/category/categories/dropdown
2025-12-14T15:24:14.832Z [INFO]: OPTIONS /api/additionalscan/additionalscans/dropdown
2025-12-14T15:24:14.835Z [INFO]: OPTIONS /api/additionalscan/additionalscans
2025-12-14T15:24:14.839Z [INFO]: GET /api/auth/user/
2025-12-14T15:24:14.846Z [INFO]: GET /api/additionalscan/additionalscans
2025-12-14T15:24:14.861Z [INFO]: GET /api/color/colors/dropdown
2025-12-14T15:24:14.887Z [INFO]: GET /api/category/categories/dropdown
2025-12-14T15:24:14.896Z [INFO]: GET /api/additionalscan/additionalscans/dropdown
2025-12-14T15:24:14.909Z [INFO]: GET /api/additionalscan/additionalscans
2025-12-14T15:24:15.233Z [INFO]: GET /uploads/empty-wallet-tick-1764694194298-487648042.png
2025-12-14T15:26:44.813Z [INFO]: OPTIONS /api/auth/user/
2025-12-14T15:26:44.816Z [INFO]: OPTIONS /api/additionalscan/additionalscans
2025-12-14T15:26:44.818Z [INFO]: OPTIONS /api/color/colors/dropdown
2025-12-14T15:26:44.820Z [INFO]: OPTIONS /api/category/categories/dropdown
2025-12-14T15:26:44.823Z [INFO]: OPTIONS /api/additionalscan/additionalscans/dropdown
2025-12-14T15:26:44.827Z [INFO]: OPTIONS /api/additionalscan/additionalscans
2025-12-14T15:26:44.832Z [INFO]: GET /api/auth/user/
2025-12-14T15:26:44.839Z [INFO]: GET /api/additionalscan/additionalscans
2025-12-14T15:26:44.844Z [INFO]: GET /api/color/colors/dropdown
2025-12-14T15:26:44.851Z [INFO]: GET /api/category/categories/dropdown
2025-12-14T15:26:44.863Z [INFO]: GET /api/additionalscan/additionalscans/dropdown
2025-12-14T15:26:44.871Z [INFO]: GET /api/additionalscan/additionalscans
2025-12-14T15:26:45.558Z [INFO]: GET /uploads/empty-wallet-tick-1764694194298-487648042.png
2025-12-14T15:26:58.856Z [INFO]: GET /uploads/Group%201000004778-1765534632495-956037955.png
2025-12-14T15:26:58.862Z [INFO]: GET /uploads/Group%201000004775%20(1)-1765392265965-831217949-1765534612642-610823979.png
2025-12-14T15:27:30.120Z [INFO]: OPTIONS /api/additionalscan/additionalscan/
2025-12-14T15:27:30.127Z [INFO]: POST /api/additionalscan/additionalscan/
2025-12-14T15:27:30.278Z [INFO]: OPTIONS /api/additionalscan/additionalscans
2025-12-14T15:27:30.280Z [INFO]: OPTIONS /api/additionalscan/additionalscans
2025-12-14T15:27:30.282Z [INFO]: GET /api/additionalscan/additionalscans
2025-12-14T15:27:30.287Z [INFO]: GET /api/additionalscan/additionalscans
2025-12-14T15:27:30.429Z [INFO]: GET /uploads/empty-wallet-tick-1765726050144-161688556.png
2025-12-14T15:27:51.889Z [INFO]: OPTIONS /api/additionalscan/additionalscan/
2025-12-14T15:27:51.893Z [INFO]: POST /api/additionalscan/additionalscan/
2025-12-14T15:27:56.594Z [INFO]: OPTIONS /api/additionalscan/additionalscan/
2025-12-14T15:27:56.598Z [INFO]: POST /api/additionalscan/additionalscan/
2025-12-14T15:28:12.778Z [INFO]: OPTIONS /api/additionalscan/additionalscan/
2025-12-14T15:28:12.783Z [INFO]: POST /api/additionalscan/additionalscan/
2025-12-14T15:28:12.909Z [INFO]: OPTIONS /api/additionalscan/additionalscans
2025-12-14T15:28:12.911Z [INFO]: OPTIONS /api/additionalscan/additionalscans
2025-12-14T15:28:12.914Z [INFO]: GET /api/additionalscan/additionalscans
2025-12-14T15:28:12.922Z [INFO]: GET /api/additionalscan/additionalscans
2025-12-14T15:28:13.057Z [INFO]: GET /uploads/8674059-javascript-minimalism-artwork-1765726092789-737228745.jpg
2025-12-14T15:30:43.932Z [INFO]: OPTIONS /api/auth/user/
2025-12-14T15:30:43.934Z [INFO]: OPTIONS /api/additionalscan/additionalscans
2025-12-14T15:30:43.936Z [INFO]: OPTIONS /api/color/colors/dropdown
2025-12-14T15:30:43.938Z [INFO]: OPTIONS /api/category/categories/dropdown
2025-12-14T15:30:43.941Z [INFO]: OPTIONS /api/additionalscan/additionalscans/dropdown
2025-12-14T15:30:43.944Z [INFO]: OPTIONS /api/additionalscan/additionalscans
2025-12-14T15:30:43.947Z [INFO]: GET /api/auth/user/
2025-12-14T15:30:43.955Z [INFO]: GET /api/additionalscan/additionalscans
2025-12-14T15:30:43.966Z [INFO]: GET /api/color/colors/dropdown
2025-12-14T15:30:43.974Z [INFO]: GET /api/category/categories/dropdown
2025-12-14T15:30:43.983Z [INFO]: GET /api/additionalscan/additionalscans/dropdown
2025-12-14T15:30:43.993Z [INFO]: GET /api/additionalscan/additionalscans
2025-12-14T15:30:44.471Z [INFO]: GET /uploads/8674059-javascript-minimalism-artwork-1765726092789-737228745.jpg
2025-12-14T15:30:44.500Z [INFO]: GET /uploads/empty-wallet-tick-1765726050144-161688556.png
2025-12-14T15:30:44.502Z [INFO]: GET /uploads/Group%201000004778-1765534632495-956037955.png
2025-12-14T15:30:44.508Z [INFO]: GET /uploads/Group%201000004775%20(1)-1765392265965-831217949-1765534612642-610823979.png
2025-12-14T15:30:44.518Z [INFO]: GET /uploads/empty-wallet-tick-1764694194298-487648042.png
2025-12-14T15:31:43.066Z [INFO]: OPTIONS /api/color/colors/
2025-12-14T15:31:43.069Z [INFO]: OPTIONS /api/categorycolor/categorycolors/
2025-12-14T15:31:43.072Z [INFO]: OPTIONS /api/categorycolor/categorycolors/
2025-12-14T15:31:43.074Z [INFO]: OPTIONS /api/color/colors/
2025-12-14T15:31:43.077Z [INFO]: GET /api/color/colors/
2025-12-14T15:31:43.083Z [INFO]: GET /api/categorycolor/categorycolors/
2025-12-14T15:31:43.091Z [INFO]: GET /api/categorycolor/categorycolors/
2025-12-14T15:31:43.099Z [INFO]: GET /api/color/colors/
2025-12-14T18:16:02.288Z [INFO]: OPTIONS /api/auth/google/signin
2025-12-14T18:16:02.300Z [INFO]: POST /api/auth/google/signin
2025-12-14T18:16:03.730Z [INFO]: OPTIONS /api/auth/refreshtoken
2025-12-14T18:16:03.736Z [INFO]: POST /api/auth/refreshtoken
2025-12-14T18:16:43.398Z [INFO]: OPTIONS /api/auth/google/signin
2025-12-14T18:16:43.405Z [INFO]: POST /api/auth/google/signin
2025-12-14T18:16:44.178Z [INFO]: OPTIONS /api/auth/refreshtoken
2025-12-14T18:16:44.183Z [INFO]: POST /api/auth/refreshtoken
2025-12-14T18:18:57.249Z [INFO]: OPTIONS /api/auth/google/signin
2025-12-14T18:18:57.265Z [INFO]: POST /api/auth/google/signin
2025-12-14T18:18:59.519Z [INFO]: OPTIONS /api/auth/refreshtoken
2025-12-14T18:18:59.524Z [INFO]: POST /api/auth/refreshtoken
2025-12-14T18:20:08.082Z [INFO]: OPTIONS /api/auth/google/signin
2025-12-14T18:20:08.104Z [INFO]: POST /api/auth/google/signin
2025-12-14T18:20:09.871Z [INFO]: OPTIONS /api/auth/refreshtoken
2025-12-14T18:20:09.875Z [INFO]: POST /api/auth/refreshtoken
2025-12-14T18:21:30.085Z [INFO]: OPTIONS /api/auth/google/signin
2025-12-14T18:21:30.111Z [INFO]: POST /api/auth/google/signin
2025-12-14T18:21:31.099Z [INFO]: OPTIONS /api/auth/refreshtoken
2025-12-14T18:21:31.107Z [INFO]: POST /api/auth/refreshtoken
2025-12-14T18:22:46.383Z [INFO]: OPTIONS /api/auth/google/signin
2025-12-14T18:22:46.434Z [INFO]: POST /api/auth/google/signin
2025-12-14T18:22:47.443Z [INFO]: OPTIONS /api/auth/refreshtoken
2025-12-14T18:22:47.452Z [INFO]: POST /api/auth/refreshtoken
2025-12-14T18:27:43.236Z [INFO]: OPTIONS /api/auth/google/signin
2025-12-14T18:27:43.262Z [INFO]: POST /api/auth/google/signin
2025-12-14T18:30:02.977Z [INFO]: OPTIONS /api/auth/google/signin
2025-12-14T18:30:02.997Z [INFO]: POST /api/auth/google/signin
2025-12-14T18:34:00.352Z [INFO]: OPTIONS /api/auth/google/signin
2025-12-14T18:34:00.364Z [INFO]: POST /api/auth/google/signin
2025-12-14T18:34:53.063Z [INFO]: OPTIONS /api/auth/google/signin
2025-12-14T18:34:53.072Z [INFO]: POST /api/auth/google/signin
2025-12-14T18:35:06.487Z [INFO]: OPTIONS /api/auth/user/
2025-12-14T18:35:06.491Z [INFO]: OPTIONS /api/order/orderlist
2025-12-14T18:35:06.510Z [INFO]: GET /api/auth/user/
2025-12-14T18:35:06.529Z [INFO]: GET /api/order/orderlist
2025-12-14T18:35:12.392Z [INFO]: OPTIONS /api/auth/logout
2025-12-14T18:35:12.400Z [INFO]: POST /api/auth/logout
2025-12-14T18:50:38.280Z [INFO]: OPTIONS /api/auth/google
2025-12-14T18:50:38.301Z [INFO]: POST /api/auth/google
2025-12-14T18:51:58.759Z [INFO]: OPTIONS /api/auth/google
2025-12-14T18:51:58.766Z [INFO]: POST /api/auth/google
2025-12-14T18:52:00.734Z [INFO]: OPTIONS /api/auth/user/
2025-12-14T18:52:00.762Z [INFO]: OPTIONS /api/order/orderlist
2025-12-14T18:52:00.787Z [INFO]: GET /api/auth/user/
2025-12-14T18:52:00.806Z [INFO]: GET /api/order/orderlist
2025-12-14T18:52:05.773Z [INFO]: OPTIONS /api/auth/logout
2025-12-14T18:52:05.779Z [INFO]: POST /api/auth/logout
2025-12-14T19:01:55.073Z [INFO]: OPTIONS /api/auth/google
2025-12-14T19:01:55.099Z [INFO]: POST /api/auth/google
2025-12-14T19:02:02.097Z [INFO]: OPTIONS /api/order/orderlist
2025-12-14T19:02:02.114Z [INFO]: GET /api/order/orderlist
2025-12-14T19:02:02.284Z [INFO]: OPTIONS /api/auth/refreshtoken
2025-12-14T19:02:02.309Z [INFO]: POST /api/auth/refreshtoken
2025-12-14T19:04:15.080Z [INFO]: OPTIONS /api/auth/google
2025-12-14T19:04:15.098Z [INFO]: POST /api/auth/google
2025-12-14T19:06:24.151Z [INFO]: OPTIONS /api/auth/google
2025-12-14T19:06:24.158Z [INFO]: POST /api/auth/google
2025-12-14T19:07:37.699Z [INFO]: OPTIONS /api/auth/google
2025-12-14T19:07:37.705Z [INFO]: POST /api/auth/google
2025-12-14T19:11:03.064Z [INFO]: OPTIONS /api/auth/google
2025-12-14T19:11:03.069Z [INFO]: POST /api/auth/google
2025-12-14T19:13:38.481Z [INFO]: OPTIONS /api/auth/google
2025-12-14T19:13:38.489Z [INFO]: POST /api/auth/google
2025-12-14T19:16:43.771Z [INFO]: OPTIONS /api/auth/google/signin
2025-12-14T19:16:43.777Z [INFO]: POST /api/auth/google/signin
2025-12-14T19:19:14.766Z [INFO]: OPTIONS /api/auth/google
2025-12-14T19:19:14.773Z [INFO]: POST /api/auth/google
2025-12-14T19:19:44.082Z [INFO]: OPTIONS /api/auth/signup
2025-12-14T19:19:44.088Z [INFO]: POST /api/auth/signup
2025-12-14T19:19:45.742Z [INFO]: OPTIONS /api/auth/user/
2025-12-14T19:19:45.748Z [INFO]: OPTIONS /api/order/orderlist
2025-12-14T19:19:45.810Z [INFO]: GET /api/auth/user/
2025-12-14T19:19:45.835Z [INFO]: GET /api/order/orderlist
2025-12-14T19:19:50.963Z [INFO]: OPTIONS /api/auth/logout
2025-12-14T19:19:50.966Z [INFO]: POST /api/auth/logout
2025-12-14T19:20:05.590Z [INFO]: OPTIONS /api/auth/google/signin
2025-12-14T19:20:05.595Z [INFO]: POST /api/auth/google/signin
2025-12-14T19:20:06.899Z [INFO]: OPTIONS /api/auth/user/
2025-12-14T19:20:06.907Z [INFO]: OPTIONS /api/order/orderlist
2025-12-14T19:20:06.920Z [INFO]: GET /api/auth/user/
2025-12-14T19:20:06.933Z [INFO]: GET /api/order/orderlist
2025-12-14T19:20:17.524Z [INFO]: OPTIONS /api/auth/logout
2025-12-14T19:20:17.529Z [INFO]: POST /api/auth/logout
2025-12-14T19:20:33.897Z [INFO]: OPTIONS /api/auth/sendemail
2025-12-14T19:20:33.902Z [INFO]: POST /api/auth/sendemail
2025-12-14T19:20:48.587Z [INFO]: OPTIONS /api/auth/verifyemail
2025-12-14T19:20:48.591Z [INFO]: POST /api/auth/verifyemail
2025-12-14T19:21:19.468Z [INFO]: OPTIONS /api/auth/signup
2025-12-14T19:21:19.481Z [INFO]: POST /api/auth/signup
2025-12-14T19:21:20.527Z [INFO]: OPTIONS /api/auth/user/
2025-12-14T19:21:20.532Z [INFO]: OPTIONS /api/order/orderlist
2025-12-14T19:21:20.536Z [INFO]: GET /api/auth/user/
2025-12-14T19:21:20.545Z [INFO]: GET /api/order/orderlist
2025-12-14T19:30:26.102Z [INFO]: POST /api/auth/signin
2025-12-15T16:58:26.460Z [INFO]: OPTIONS /api/auth/google/signin
2025-12-15T16:58:26.484Z [INFO]: POST /api/auth/google/signin
2025-12-15T16:58:28.061Z [INFO]: OPTIONS /api/auth/user/
2025-12-15T16:58:28.069Z [INFO]: OPTIONS /api/order/orderlist
2025-12-15T16:58:28.082Z [INFO]: GET /api/auth/user/
2025-12-15T16:58:28.132Z [INFO]: GET /api/order/orderlist
2025-12-15T16:58:30.485Z [INFO]: OPTIONS /api/materialshade/materialshades
2025-12-15T16:58:30.488Z [INFO]: OPTIONS /api/catalog/catalogs-with-category
2025-12-15T16:58:30.492Z [INFO]: OPTIONS /api/device/devices/
2025-12-15T16:58:30.498Z [INFO]: GET /api/materialshade/materialshades
2025-12-15T16:58:30.507Z [INFO]: GET /api/catalog/catalogs-with-category
2025-12-15T16:58:30.513Z [INFO]: GET /api/device/devices/
2025-12-15T16:58:30.724Z [INFO]: GET /uploads/empty-wallet-tick-1765540390618-411814263.png
2025-12-15T16:58:30.727Z [INFO]: GET /uploads/empty-wallet-tick-1764786186817-912808429.png
2025-12-15T16:58:30.729Z [INFO]: GET /uploads/empty-wallet-tick-1764693345808-530250280.png
2025-12-15T16:58:30.737Z [INFO]: GET /uploads/empty-wallet-tick-1764876270574-434239451.png
2025-12-15T16:58:38.990Z [INFO]: OPTIONS /api/volume/volumes/category/4
2025-12-15T16:58:38.996Z [INFO]: OPTIONS /api/additionalscan/additionalscans/category/4
2025-12-15T16:58:39.002Z [INFO]: GET /api/volume/volumes/category/4
2025-12-15T16:58:39.010Z [INFO]: OPTIONS /api/implant/implants/category/4
2025-12-15T16:58:39.013Z [INFO]: GET /api/additionalscan/additionalscans/category/4
2025-12-15T16:58:39.022Z [INFO]: GET /uploads/device_image-1764693719528-18332540.png
2025-12-15T16:58:39.028Z [INFO]: GET /api/implant/implants/category/4
2025-12-15T16:58:39.116Z [INFO]: GET /uploads/empty-wallet-tick-1764694194298-487648042.png
2025-12-15T16:58:39.166Z [INFO]: GET /uploads/empty-wallet-tick-1764694088533-667242444.png
2025-12-15T16:58:39.175Z [INFO]: GET /uploads/empty-wallet-tick-1764694026324-885059283.png
2025-12-15T16:58:43.334Z [INFO]: GET /uploads/empty-wallet-tick-1765726050144-161688556.png
2025-12-15T16:58:56.433Z [INFO]: OPTIONS /api/order/order/
2025-12-15T16:58:56.438Z [INFO]: POST /api/order/order/
2025-12-15T16:59:15.480Z [INFO]: OPTIONS /api/order/submitorderwithuser/7
2025-12-15T16:59:15.488Z [INFO]: PUT /api/order/submitorderwithuser/7
2025-12-15T16:59:15.887Z [INFO]: OPTIONS /api/order/orderlist
2025-12-15T16:59:15.893Z [INFO]: GET /api/order/orderlist
2025-12-15T16:59:19.640Z [INFO]: OPTIONS /api/payment/payments
2025-12-15T16:59:19.644Z [INFO]: GET /api/payment/payments
2025-12-15T16:59:35.916Z [INFO]: OPTIONS /api/order/orderlist
2025-12-15T16:59:35.920Z [INFO]: GET /api/order/orderlist
2025-12-15T16:59:37.290Z [INFO]: OPTIONS /api/order/orderlist
2025-12-15T16:59:37.296Z [INFO]: GET /api/order/orderlist
2025-12-15T16:59:38.528Z [INFO]: OPTIONS /api/order/orderlist
2025-12-15T16:59:38.532Z [INFO]: GET /api/order/orderlist
2025-12-15T16:59:39.593Z [INFO]: OPTIONS /api/order/orderlist
2025-12-15T16:59:39.599Z [INFO]: GET /api/order/orderlist
2025-12-15T16:59:42.284Z [INFO]: OPTIONS /api/order/orderlist
2025-12-15T16:59:42.289Z [INFO]: GET /api/order/orderlist
2025-12-15T16:59:57.674Z [INFO]: OPTIONS /api/auth/signin/
2025-12-15T16:59:57.676Z [INFO]: POST /api/auth/signin/
2025-12-15T16:59:58.208Z [INFO]: OPTIONS /api/auth/user/
2025-12-15T16:59:58.212Z [INFO]: OPTIONS /api/order/orderlist
2025-12-15T16:59:58.215Z [INFO]: GET /api/order/orderlist
2025-12-15T16:59:58.228Z [INFO]: GET /api/auth/user/
2025-12-15T17:00:04.007Z [INFO]: OPTIONS /api/order/orderlistadmin
2025-12-15T17:00:04.011Z [INFO]: GET /api/order/orderlistadmin
2025-12-15T17:00:28.183Z [INFO]: OPTIONS /api/order/order/7/
2025-12-15T17:00:28.191Z [INFO]: OPTIONS /api/materialshade/materialshades
2025-12-15T17:00:28.193Z [INFO]: OPTIONS /api/catalog/catalogs-with-category
2025-12-15T17:00:28.197Z [INFO]: GET /api/order/order/7/
2025-12-15T17:00:28.206Z [INFO]: OPTIONS /api/device/devices/
2025-12-15T17:00:28.209Z [INFO]: GET /api/materialshade/materialshades
2025-12-15T17:00:28.216Z [INFO]: GET /api/catalog/catalogs-with-category
2025-12-15T17:00:28.225Z [INFO]: GET /api/device/devices/
2025-12-15T17:00:37.172Z [INFO]: OPTIONS /api/auth/user/
2025-12-15T17:00:37.175Z [INFO]: OPTIONS /api/order/orderlist
2025-12-15T17:00:37.177Z [INFO]: GET /api/auth/user/
2025-12-15T17:00:37.183Z [INFO]: GET /api/order/orderlist
2025-12-15T17:00:38.713Z [INFO]: OPTIONS /api/order/orderlistadmin
2025-12-15T17:00:38.715Z [INFO]: GET /api/order/orderlistadmin
2025-12-15T17:00:48.436Z [INFO]: OPTIONS /api/order/changeorderstatus
2025-12-15T17:00:48.439Z [INFO]: PUT /api/order/changeorderstatus
2025-12-15T17:00:48.469Z [INFO]: OPTIONS /api/order/orderlistadmin
2025-12-15T17:00:48.472Z [INFO]: GET /api/order/orderlistadmin
2025-12-15T17:00:56.071Z [INFO]: OPTIONS /api/auth/user/
2025-12-15T17:00:56.074Z [INFO]: OPTIONS /api/order/orderlist
2025-12-15T17:00:56.078Z [INFO]: GET /api/auth/user/
2025-12-15T17:00:56.087Z [INFO]: GET /api/order/orderlist
2025-12-15T17:00:59.027Z [INFO]: OPTIONS /api/payment/payments
2025-12-15T17:00:59.042Z [INFO]: GET /api/payment/payments
2025-12-15T17:01:09.836Z [INFO]: OPTIONS /api/payment/payment/upload-file/12
2025-12-15T17:01:09.844Z [INFO]: PUT /api/payment/payment/upload-file/12
2025-12-15T17:01:09.950Z [INFO]: OPTIONS /api/payment/payments
2025-12-15T17:01:09.954Z [INFO]: GET /api/payment/payments
2025-12-15T17:01:18.403Z [INFO]: OPTIONS /api/auth/user/
2025-12-15T17:01:18.406Z [INFO]: GET /api/auth/user/
2025-12-15T17:01:18.412Z [INFO]: OPTIONS /api/order/orderlistadmin
2025-12-15T17:01:18.416Z [INFO]: GET /api/order/orderlistadmin
2025-12-15T17:01:20.347Z [INFO]: GET /uploads/IMG_20250830_111612_627-1765818069853-75637708.jpg
2025-12-15T17:01:22.159Z [INFO]: GET /uploads/IMG_20250830_111612_627-1765818069853-75637708.jpg
2025-12-15T17:01:31.629Z [INFO]: OPTIONS /api/payment/payment/accept/12
2025-12-15T17:01:31.632Z [INFO]: PUT /api/payment/payment/accept/12
2025-12-15T17:01:31.751Z [INFO]: OPTIONS /api/order/orderlistadmin
2025-12-15T17:01:31.754Z [INFO]: GET /api/order/orderlistadmin
2025-12-15T17:01:41.328Z [INFO]: OPTIONS /api/auth/user/
2025-12-15T17:01:41.333Z [INFO]: OPTIONS /api/order/orderlist
2025-12-15T17:01:41.336Z [INFO]: GET /api/auth/user/
2025-12-15T17:01:41.343Z [INFO]: GET /api/order/orderlist
2025-12-15T17:01:55.092Z [INFO]: OPTIONS /api/order/changeorderstatus
2025-12-15T17:01:55.100Z [INFO]: PUT /api/order/changeorderstatus
2025-12-15T17:01:55.203Z [INFO]: OPTIONS /api/order/orderlistadmin
2025-12-15T17:01:55.207Z [INFO]: GET /api/order/orderlistadmin
2025-12-15T17:01:59.224Z [INFO]: OPTIONS /api/auth/user/
2025-12-15T17:01:59.229Z [INFO]: OPTIONS /api/order/orderlist
2025-12-15T17:01:59.233Z [INFO]: GET /api/auth/user/
2025-12-15T17:01:59.260Z [INFO]: GET /api/order/orderlist
2025-12-15T17:02:11.268Z [INFO]: OPTIONS /api/order/download-admin-file/7
2025-12-15T17:02:11.274Z [INFO]: GET /api/order/download-admin-file/7
2025-12-15T17:02:11.393Z [INFO]: OPTIONS /api/order/orderlist
2025-12-15T17:02:11.400Z [INFO]: GET /api/order/orderlist
2025-12-15T17:02:21.344Z [INFO]: GET /uploads/IMG_20250830_111612_627-1765817955506-500632708.jpg
2025-12-15T17:02:37.943Z [INFO]: OPTIONS /api/auth/user/
2025-12-15T17:02:37.945Z [INFO]: OPTIONS /api/order/orderlistadmin
2025-12-15T17:02:37.947Z [INFO]: GET /api/auth/user/
2025-12-15T17:02:37.956Z [INFO]: GET /api/order/orderlistadmin
2025-12-15T17:02:43.143Z [INFO]: OPTIONS /api/order/orderlistadmin
2025-12-15T17:02:43.145Z [INFO]: GET /api/order/orderlistadmin
2025-12-15T17:02:44.717Z [INFO]: OPTIONS /api/order/orderlistadmin
2025-12-15T17:02:44.720Z [INFO]: GET /api/order/orderlistadmin
2025-12-15T17:02:45.933Z [INFO]: OPTIONS /api/order/orderlistadmin
2025-12-15T17:02:45.938Z [INFO]: GET /api/order/orderlistadmin
2025-12-15T17:02:47.701Z [INFO]: OPTIONS /api/order/orderlistadmin
2025-12-15T17:02:47.703Z [INFO]: GET /api/order/orderlistadmin
2025-12-15T17:02:48.970Z [INFO]: OPTIONS /api/order/orderlistadmin
2025-12-15T17:02:48.972Z [INFO]: GET /api/order/orderlistadmin
2025-12-15T17:03:07.248Z [INFO]: OPTIONS /api/order/changeorderstatus
2025-12-15T17:03:07.250Z [INFO]: PUT /api/order/changeorderstatus
2025-12-15T17:03:07.369Z [INFO]: OPTIONS /api/order/orderlistadmin
2025-12-15T17:03:07.373Z [INFO]: GET /api/order/orderlistadmin
2025-12-15T17:03:18.104Z [INFO]: OPTIONS /api/auth/user/
2025-12-15T17:03:18.107Z [INFO]: OPTIONS /api/order/orderlist
2025-12-15T17:03:18.110Z [INFO]: GET /api/auth/user/
2025-12-15T17:03:18.117Z [INFO]: GET /api/order/orderlist
2025-12-25T17:25:21.567Z [INFO]: OPTIONS /api/auth/signin/
2025-12-25T17:25:21.585Z [INFO]: POST /api/auth/signin/
2025-12-25T17:25:28.385Z [INFO]: OPTIONS /api/auth/signin/
2025-12-25T17:25:28.390Z [INFO]: POST /api/auth/signin/
2025-12-25T17:25:32.729Z [INFO]: POST /api/auth/signin/
2025-12-25T17:25:37.717Z [INFO]: OPTIONS /api/auth/signin/
2025-12-25T17:25:37.721Z [INFO]: POST /api/auth/signin/
2025-12-25T17:25:46.392Z [INFO]: OPTIONS /api/auth/user/
2025-12-25T17:25:46.401Z [INFO]: OPTIONS /api/order/orderlist
2025-12-25T17:25:46.410Z [INFO]: GET /api/auth/user/
2025-12-25T17:25:46.425Z [INFO]: GET /api/order/orderlist
2025-12-25T17:26:00.803Z [INFO]: OPTIONS /api/auth/logout
2025-12-25T17:26:00.806Z [INFO]: POST /api/auth/logout
2025-12-25T17:33:18.635Z [INFO]: OPTIONS /api/auth/signin/
2025-12-25T17:33:18.651Z [INFO]: POST /api/auth/signin/
2025-12-25T17:33:19.742Z [INFO]: OPTIONS /api/auth/user/
2025-12-25T17:33:19.746Z [INFO]: OPTIONS /api/order/orderlist
2025-12-25T17:33:19.750Z [INFO]: GET /api/auth/user/
2025-12-25T17:33:19.767Z [INFO]: GET /api/order/orderlist
2025-12-25T17:33:23.614Z [INFO]: OPTIONS /api/auth/logout
2025-12-25T17:33:23.617Z [INFO]: POST /api/auth/logout
2025-12-25T17:34:19.260Z [INFO]: OPTIONS /api/auth/signin/
2025-12-25T17:34:19.267Z [INFO]: POST /api/auth/signin/
2025-12-25T17:35:01.633Z [INFO]: OPTIONS /api/auth/signin/
2025-12-25T17:35:01.653Z [INFO]: POST /api/auth/signin/
2025-12-25T17:35:38.399Z [INFO]: OPTIONS /api/auth/signin/
2025-12-25T17:35:38.412Z [INFO]: POST /api/auth/signin/
2025-12-25T17:36:03.607Z [INFO]: OPTIONS /api/auth/signin/
2025-12-25T17:36:03.624Z [INFO]: POST /api/auth/signin/
2025-12-25T17:36:05.486Z [INFO]: OPTIONS /api/auth/user/
2025-12-25T17:36:05.491Z [INFO]: OPTIONS /api/order/orderlist
2025-12-25T17:36:05.499Z [INFO]: GET /api/auth/user/
2025-12-25T17:36:05.522Z [INFO]: GET /api/order/orderlist
2025-12-25T17:36:48.480Z [INFO]: OPTIONS /api/auth/logout
2025-12-25T17:36:48.488Z [INFO]: POST /api/auth/logout
2025-12-25T17:39:40.326Z [INFO]: OPTIONS /api/auth/signin/
2025-12-25T17:39:40.333Z [INFO]: POST /api/auth/signin/
2025-12-25T17:39:47.350Z [INFO]: OPTIONS /api/auth/signin/
2025-12-25T17:39:47.353Z [INFO]: POST /api/auth/signin/
2025-12-25T17:39:57.266Z [INFO]: OPTIONS /api/auth/signin/
2025-12-25T17:39:57.271Z [INFO]: POST /api/auth/signin/
2025-12-25T17:43:51.931Z [INFO]: OPTIONS /api/auth/signin/
2025-12-25T17:43:51.939Z [INFO]: POST /api/auth/signin/
2025-12-25T17:43:55.912Z [INFO]: POST /api/auth/signin/
2025-12-25T17:44:00.290Z [INFO]: OPTIONS /api/auth/signin/
2025-12-25T17:44:00.295Z [INFO]: POST /api/auth/signin/
2025-12-25T17:44:40.197Z [INFO]: OPTIONS /api/auth/signin/
2025-12-25T17:44:40.204Z [INFO]: POST /api/auth/signin/
2025-12-25T17:44:42.047Z [INFO]: POST /api/auth/signin/
2025-12-25T17:45:16.477Z [INFO]: OPTIONS /api/auth/signin/
2025-12-25T17:45:16.488Z [INFO]: POST /api/auth/signin/
2025-12-25T17:45:18.121Z [INFO]: POST /api/auth/signin/
2025-12-25T17:45:22.965Z [INFO]: OPTIONS /api/auth/signin/
2025-12-25T17:45:22.969Z [INFO]: POST /api/auth/signin/
2025-12-25T17:45:34.713Z [INFO]: OPTIONS /api/auth/google/signin
2025-12-25T17:45:34.719Z [INFO]: POST /api/auth/google/signin
2025-12-25T17:45:41.099Z [INFO]: OPTIONS /api/auth/user/
2025-12-25T17:45:41.120Z [INFO]: OPTIONS /api/order/orderlist
2025-12-25T17:45:41.149Z [INFO]: GET /api/auth/user/
2025-12-25T17:45:41.179Z [INFO]: GET /api/order/orderlist
2025-12-25T17:45:50.998Z [INFO]: OPTIONS /api/materialshade/materialshades
2025-12-25T17:45:51.002Z [INFO]: OPTIONS /api/catalog/catalogs-with-category
2025-12-25T17:45:51.004Z [INFO]: OPTIONS /api/device/devices/
2025-12-25T17:45:51.008Z [INFO]: GET /api/materialshade/materialshades
2025-12-25T17:45:51.019Z [INFO]: GET /api/catalog/catalogs-with-category
2025-12-25T17:45:51.028Z [INFO]: GET /api/device/devices/
2025-12-25T17:45:51.258Z [INFO]: GET /uploads/empty-wallet-tick-1765540390618-411814263.png
2025-12-25T17:45:51.271Z [INFO]: GET /uploads/empty-wallet-tick-1764786186817-912808429.png
2025-12-25T17:45:51.278Z [INFO]: GET /uploads/empty-wallet-tick-1764693345808-530250280.png
2025-12-25T17:45:51.291Z [INFO]: GET /uploads/empty-wallet-tick-1764876270574-434239451.png
2025-12-25T17:46:33.852Z [INFO]: OPTIONS /api/materialshade/materialshades
2025-12-25T17:46:33.856Z [INFO]: OPTIONS /api/device/devices/
2025-12-25T17:46:33.860Z [INFO]: OPTIONS /api/catalog/catalogs-with-category
2025-12-25T17:46:33.864Z [INFO]: GET /api/materialshade/materialshades
2025-12-25T17:46:33.874Z [INFO]: GET /api/device/devices/
2025-12-25T17:46:33.889Z [INFO]: GET /api/catalog/catalogs-with-category
2025-12-25T17:46:34.215Z [INFO]: GET /uploads/empty-wallet-tick-1765540390618-411814263.png
2025-12-25T17:46:34.218Z [INFO]: GET /uploads/empty-wallet-tick-1764786186817-912808429.png
2025-12-25T17:46:34.223Z [INFO]: GET /uploads/empty-wallet-tick-1764693345808-530250280.png
2025-12-25T17:46:34.226Z [INFO]: GET /uploads/empty-wallet-tick-1764876270574-434239451.png
2025-12-25T17:48:52.138Z [INFO]: GET /uploads/empty-wallet-tick-1764786186817-912808429.png
2025-12-25T17:48:54.779Z [INFO]: GET /favicon.ico
2025-12-25T17:48:54.782Z [WARN]: 404 Path Not Found: GET /favicon.ico
2025-12-25T17:50:10.124Z [INFO]: OPTIONS /api/materialshade/materialshades
2025-12-25T17:50:10.136Z [INFO]: GET /api/materialshade/materialshades
2025-12-25T17:50:10.183Z [INFO]: OPTIONS /api/catalog/catalogs-with-category
2025-12-25T17:50:10.188Z [INFO]: OPTIONS /api/device/devices/
2025-12-25T17:50:10.201Z [INFO]: GET /api/catalog/catalogs-with-category
2025-12-25T17:50:10.230Z [INFO]: GET /api/device/devices/
2025-12-25T17:50:10.799Z [INFO]: GET /uploads/empty-wallet-tick-1765540390618-411814263.png
2025-12-25T17:50:10.805Z [INFO]: GET /uploads/empty-wallet-tick-1764693345808-530250280.png
2025-12-25T17:50:10.809Z [INFO]: GET /uploads/empty-wallet-tick-1764786186817-912808429.png
2025-12-25T17:50:10.838Z [INFO]: GET /uploads/empty-wallet-tick-1764876270574-434239451.png
2025-12-25T17:56:35.553Z [INFO]: OPTIONS /api/auth/user/
2025-12-25T17:56:35.567Z [INFO]: GET /api/auth/user/
2025-12-25T17:56:35.618Z [INFO]: OPTIONS /api/order/orderlist
2025-12-25T17:56:35.624Z [INFO]: GET /api/order/orderlist
2025-12-25T17:56:46.100Z [INFO]: OPTIONS /api/order/orders/dropdown
2025-12-25T17:56:46.114Z [INFO]: OPTIONS /api/ticket/tickets
2025-12-25T17:56:46.124Z [INFO]: GET /api/order/orders/dropdown
2025-12-25T17:56:46.145Z [INFO]: GET /api/ticket/tickets
2025-12-25T17:57:01.602Z [INFO]: OPTIONS /api/ticket/ticket
2025-12-25T17:57:01.607Z [INFO]: POST /api/ticket/ticket
2025-12-25T17:57:34.358Z [INFO]: OPTIONS /api/ticket/ticket
2025-12-25T17:57:34.378Z [INFO]: POST /api/ticket/ticket
2025-12-25T17:58:10.979Z [INFO]: OPTIONS /api/ticket/ticket
2025-12-25T17:58:10.986Z [INFO]: POST /api/ticket/ticket
2025-12-25T17:58:35.482Z [INFO]: OPTIONS /api/ticket/ticket
2025-12-25T17:58:35.493Z [INFO]: POST /api/ticket/ticket
2025-12-25T17:59:28.163Z [INFO]: OPTIONS /api/ticket/ticket
2025-12-25T17:59:28.179Z [INFO]: POST /api/ticket/ticket
2025-12-25T18:01:46.160Z [INFO]: OPTIONS /api/ticket/ticket
2025-12-25T18:01:46.171Z [INFO]: POST /api/ticket/ticket
2025-12-25T18:02:12.661Z [INFO]: OPTIONS /api/ticket/ticket
2025-12-25T18:02:12.676Z [INFO]: POST /api/ticket/ticket
2025-12-25T18:03:19.658Z [INFO]: OPTIONS /api/ticket/ticket
2025-12-25T18:03:19.670Z [INFO]: POST /api/ticket/ticket
2025-12-25T18:03:54.367Z [INFO]: OPTIONS /api/ticket/ticket
2025-12-25T18:03:54.382Z [INFO]: POST /api/ticket/ticket
2025-12-25T18:04:37.088Z [INFO]: OPTIONS /api/ticket/ticket
2025-12-25T18:04:37.106Z [INFO]: POST /api/ticket/ticket
2025-12-25T18:05:21.453Z [INFO]: OPTIONS /api/ticket/ticket
2025-12-25T18:05:21.474Z [INFO]: POST /api/ticket/ticket
2025-12-25T18:06:25.110Z [INFO]: OPTIONS /api/ticket/ticket
2025-12-25T18:06:25.121Z [INFO]: POST /api/ticket/ticket
2025-12-25T18:06:27.586Z [INFO]: OPTIONS /api/ticket/ticket
2025-12-25T18:06:27.592Z [INFO]: POST /api/ticket/ticket
2025-12-25T18:06:56.231Z [INFO]: OPTIONS /api/order/orders/dropdown
2025-12-25T18:06:56.279Z [INFO]: OPTIONS /api/ticket/tickets
2025-12-25T18:06:56.292Z [INFO]: OPTIONS /api/auth/user/
2025-12-25T18:06:56.327Z [INFO]: GET /api/order/orders/dropdown
2025-12-25T18:06:56.421Z [INFO]: GET /api/ticket/tickets
2025-12-25T18:06:56.457Z [INFO]: GET /api/auth/user/
2025-12-25T18:07:02.005Z [INFO]: OPTIONS /api/ticket/ticket
2025-12-25T18:07:02.011Z [INFO]: POST /api/ticket/ticket
2025-12-25T18:07:33.500Z [INFO]: OPTIONS /api/ticket/ticket
2025-12-25T18:07:33.519Z [INFO]: POST /api/ticket/ticket
2025-12-25T18:08:23.097Z [INFO]: OPTIONS /api/auth/user/
2025-12-25T18:08:23.102Z [INFO]: OPTIONS /api/order/orders/dropdown
2025-12-25T18:08:23.105Z [INFO]: OPTIONS /api/ticket/tickets
2025-12-25T18:08:23.109Z [INFO]: GET /api/auth/user/
2025-12-25T18:08:23.130Z [INFO]: GET /api/order/orders/dropdown
2025-12-25T18:08:23.142Z [INFO]: GET /api/ticket/tickets
2025-12-25T18:09:25.805Z [INFO]: OPTIONS /api/ticket/ticket
2025-12-25T18:09:25.814Z [INFO]: POST /api/ticket/ticket
2025-12-25T18:10:03.652Z [INFO]: OPTIONS /api/ticket/ticket
2025-12-25T18:10:03.677Z [INFO]: POST /api/ticket/ticket
2025-12-25T18:10:26.077Z [INFO]: OPTIONS /api/ticket/ticket
2025-12-25T18:10:26.090Z [INFO]: POST /api/ticket/ticket
2025-12-25T18:10:53.168Z [INFO]: OPTIONS /api/ticket/ticket
2025-12-25T18:10:53.185Z [INFO]: POST /api/ticket/ticket
2025-12-25T18:11:49.560Z [INFO]: OPTIONS /api/ticket/ticket
2025-12-25T18:11:49.580Z [INFO]: POST /api/ticket/ticket
2025-12-25T18:12:23.640Z [INFO]: OPTIONS /api/ticket/ticket
2025-12-25T18:12:23.661Z [INFO]: POST /api/ticket/ticket
2025-12-25T18:14:15.412Z [INFO]: OPTIONS /api/ticket/ticket
2025-12-25T18:14:15.426Z [INFO]: POST /api/ticket/ticket
2025-12-25T18:18:25.032Z [INFO]: OPTIONS /api/auth/user/
2025-12-25T18:18:25.096Z [INFO]: OPTIONS /api/ticket/tickets
2025-12-25T18:18:25.150Z [INFO]: OPTIONS /api/order/orders/dropdown
2025-12-25T18:18:25.162Z [INFO]: GET /api/auth/user/
2025-12-25T18:18:25.244Z [INFO]: GET /api/ticket/tickets
2025-12-25T18:18:25.287Z [INFO]: GET /api/order/orders/dropdown
2025-12-25T18:20:04.695Z [INFO]: OPTIONS /api/ticket/ticket
2025-12-25T18:20:04.711Z [INFO]: POST /api/ticket/ticket
2025-12-25T18:20:26.309Z [INFO]: OPTIONS /api/auth/user/
2025-12-25T18:20:26.314Z [INFO]: OPTIONS /api/order/orders/dropdown
2025-12-25T18:20:26.319Z [INFO]: OPTIONS /api/ticket/tickets
2025-12-25T18:20:26.323Z [INFO]: GET /api/auth/user/
2025-12-25T18:20:26.343Z [INFO]: GET /api/order/orders/dropdown
2025-12-25T18:20:26.354Z [INFO]: GET /api/ticket/tickets
2025-12-25T18:21:21.937Z [INFO]: POST /api/auth/signin
2025-12-25T18:21:42.192Z [INFO]: GET /api/ticket/tickets
2025-12-25T18:23:01.546Z [INFO]: OPTIONS /api/auth/user/
2025-12-25T18:23:01.550Z [INFO]: OPTIONS /api/order/orders/dropdown
2025-12-25T18:23:01.554Z [INFO]: OPTIONS /api/ticket/tickets
2025-12-25T18:23:01.558Z [INFO]: GET /api/auth/user/
2025-12-25T18:23:01.566Z [INFO]: GET /api/order/orders/dropdown
2025-12-25T18:23:01.574Z [INFO]: GET /api/ticket/tickets
2025-12-25T18:23:41.316Z [INFO]: OPTIONS /api/ticket/ticket
2025-12-25T18:23:41.324Z [INFO]: POST /api/ticket/ticket
2025-12-25T18:23:49.405Z [INFO]: OPTIONS /api/auth/user/
2025-12-25T18:23:49.410Z [INFO]: OPTIONS /api/order/orders/dropdown
2025-12-25T18:23:49.412Z [INFO]: GET /api/auth/user/
2025-12-25T18:23:49.421Z [INFO]: OPTIONS /api/ticket/tickets
2025-12-25T18:23:49.425Z [INFO]: GET /api/order/orders/dropdown
2025-12-25T18:23:49.438Z [INFO]: GET /api/ticket/tickets
2025-12-25T18:23:53.317Z [INFO]: OPTIONS /api/ticket/ticket/1
2025-12-25T18:23:53.323Z [INFO]: GET /api/ticket/ticket/1
2025-12-25T18:24:49.917Z [INFO]: OPTIONS /api/ticket/ticket
2025-12-25T18:24:49.939Z [INFO]: POST /api/ticket/ticket
2025-12-25T18:24:56.708Z [INFO]: OPTIONS /api/auth/user/
2025-12-25T18:24:56.713Z [INFO]: OPTIONS /api/order/orders/dropdown
2025-12-25T18:24:56.716Z [INFO]: OPTIONS /api/ticket/tickets
2025-12-25T18:24:56.723Z [INFO]: GET /api/auth/user/
2025-12-25T18:24:56.747Z [INFO]: GET /api/order/orders/dropdown
2025-12-25T18:24:56.766Z [INFO]: GET /api/ticket/tickets
2025-12-28T16:06:02.789Z [INFO]: OPTIONS /api/auth/signin/
2025-12-28T16:06:02.806Z [INFO]: POST /api/auth/signin/
2025-12-28T16:06:13.136Z [INFO]: OPTIONS /api/auth/user/
2025-12-28T16:06:13.143Z [INFO]: OPTIONS /api/order/orderlist
2025-12-28T16:06:13.147Z [INFO]: OPTIONS /api/ticket/ticket/undefined
2025-12-28T16:06:13.152Z [INFO]: GET /api/auth/user/
2025-12-28T16:06:13.168Z [INFO]: GET /api/order/orderlist
2025-12-28T16:06:13.186Z [INFO]: GET /api/ticket/ticket/undefined
2025-12-28T16:06:14.351Z [INFO]: OPTIONS /api/ticket/ticket/undefined
2025-12-28T16:06:14.355Z [INFO]: GET /api/ticket/ticket/undefined
2025-12-28T16:06:16.371Z [INFO]: OPTIONS /api/ticket/ticket/undefined
2025-12-28T16:06:16.376Z [INFO]: GET /api/ticket/ticket/undefined
2025-12-28T16:06:20.398Z [INFO]: OPTIONS /api/ticket/ticket/undefined
2025-12-28T16:06:20.408Z [INFO]: GET /api/ticket/ticket/undefined
2025-12-28T16:06:23.154Z [INFO]: OPTIONS /api/order/orders/dropdown
2025-12-28T16:06:23.165Z [INFO]: OPTIONS /api/ticket/tickets
2025-12-28T16:06:23.191Z [INFO]: GET /api/ticket/tickets
2025-12-28T16:06:23.212Z [INFO]: GET /api/order/orders/dropdown
2025-12-28T16:06:33.684Z [INFO]: OPTIONS /api/auth/user/
2025-12-28T16:06:33.687Z [INFO]: OPTIONS /api/order/orders/dropdown
2025-12-28T16:06:33.690Z [INFO]: OPTIONS /api/ticket/tickets
2025-12-28T16:06:33.699Z [INFO]: GET /api/auth/user/
2025-12-28T16:06:33.711Z [INFO]: GET /api/order/orders/dropdown
2025-12-28T16:06:33.725Z [INFO]: GET /api/ticket/tickets
2025-12-28T16:06:46.948Z [INFO]: OPTIONS /api/auth/user/
2025-12-28T16:06:46.954Z [INFO]: OPTIONS /api/order/orders/dropdown
2025-12-28T16:06:46.957Z [INFO]: OPTIONS /api/ticket/tickets
2025-12-28T16:06:46.960Z [INFO]: GET /api/auth/user/
2025-12-28T16:06:46.970Z [INFO]: GET /api/order/orders/dropdown
2025-12-28T16:06:46.979Z [INFO]: GET /api/ticket/tickets
2025-12-28T16:07:26.074Z [INFO]: OPTIONS /api/ticket/ticket/1
2025-12-28T16:07:26.079Z [INFO]: GET /api/ticket/ticket/1
2025-12-28T16:07:27.271Z [INFO]: OPTIONS /api/ticket/ticket/1
2025-12-28T16:07:27.275Z [INFO]: GET /api/ticket/ticket/1
2025-12-28T16:07:29.295Z [INFO]: OPTIONS /api/ticket/ticket/1
2025-12-28T16:07:29.300Z [INFO]: GET /api/ticket/ticket/1
2025-12-28T16:07:33.321Z [INFO]: OPTIONS /api/ticket/ticket/1
2025-12-28T16:07:33.325Z [INFO]: GET /api/ticket/ticket/1
2025-12-28T16:07:42.595Z [INFO]: OPTIONS /api/ticket/ticket/1
2025-12-28T16:07:42.605Z [INFO]: GET /api/ticket/ticket/1
2025-12-28T16:08:08.863Z [INFO]: OPTIONS /api/ticket/ticket/1
2025-12-28T16:08:08.874Z [INFO]: GET /api/ticket/ticket/1
2025-12-28T16:08:10.911Z [INFO]: OPTIONS /api/ticket/ticket/1
2025-12-28T16:08:10.920Z [INFO]: GET /api/ticket/ticket/1
2025-12-28T16:08:15.118Z [INFO]: OPTIONS /api/auth/user/
2025-12-28T16:08:15.122Z [INFO]: OPTIONS /api/order/orders/dropdown
2025-12-28T16:08:15.127Z [INFO]: GET /api/auth/user/
2025-12-28T16:08:15.152Z [INFO]: OPTIONS /api/ticket/tickets
2025-12-28T16:08:15.162Z [INFO]: GET /api/order/orders/dropdown
2025-12-28T16:08:15.193Z [INFO]: GET /api/ticket/tickets
2025-12-28T16:08:29.235Z [INFO]: OPTIONS /api/ticket/ticket/1
2025-12-28T16:08:29.241Z [INFO]: GET /api/ticket/ticket/1
2025-12-28T16:08:30.296Z [INFO]: OPTIONS /api/ticket/ticket/1
2025-12-28T16:08:30.309Z [INFO]: GET /api/ticket/ticket/1
2025-12-28T16:08:32.336Z [INFO]: OPTIONS /api/ticket/ticket/1
2025-12-28T16:08:32.341Z [INFO]: GET /api/ticket/ticket/1
2025-12-28T16:09:12.487Z [INFO]: OPTIONS /api/ticket/ticket/1
2025-12-28T16:09:12.500Z [INFO]: GET /api/ticket/ticket/1
2025-12-28T16:09:30.821Z [INFO]: OPTIONS /api/ticket/ticket/1
2025-12-28T16:09:30.833Z [INFO]: GET /api/ticket/ticket/1
2025-12-28T16:09:32.158Z [INFO]: OPTIONS /api/ticket/ticket/1
2025-12-28T16:09:32.173Z [INFO]: GET /api/ticket/ticket/1
2025-12-28T16:09:34.207Z [INFO]: OPTIONS /api/ticket/ticket/1
2025-12-28T16:09:34.211Z [INFO]: GET /api/ticket/ticket/1
2025-12-28T16:09:51.183Z [INFO]: OPTIONS /api/ticket/ticket/1
2025-12-28T16:09:51.218Z [INFO]: GET /api/ticket/ticket/1
2025-12-28T16:09:52.583Z [INFO]: OPTIONS /api/ticket/ticket/1
2025-12-28T16:09:52.589Z [INFO]: GET /api/ticket/ticket/1
2025-12-28T16:09:54.624Z [INFO]: OPTIONS /api/ticket/ticket/1
2025-12-28T16:09:54.635Z [INFO]: GET /api/ticket/ticket/1
2025-12-28T16:09:58.702Z [INFO]: OPTIONS /api/ticket/ticket/1
2025-12-28T16:09:58.707Z [INFO]: GET /api/ticket/ticket/1
2025-12-28T16:10:05.784Z [INFO]: OPTIONS /api/ticket/ticket/1
2025-12-28T16:10:05.790Z [INFO]: GET /api/ticket/ticket/1
2025-12-28T16:10:06.844Z [INFO]: OPTIONS /api/ticket/ticket/1
2025-12-28T16:10:06.848Z [INFO]: GET /api/ticket/ticket/1
2025-12-28T16:10:08.883Z [INFO]: OPTIONS /api/ticket/ticket/1
2025-12-28T16:10:08.888Z [INFO]: GET /api/ticket/ticket/1
2025-12-28T16:11:49.811Z [INFO]: OPTIONS /api/ticket/ticket/1
2025-12-28T16:11:49.824Z [INFO]: GET /api/ticket/ticket/1
2025-12-28T16:11:53.757Z [INFO]: OPTIONS /api/ticket/ticket/1
2025-12-28T16:11:53.803Z [INFO]: GET /api/ticket/ticket/1
2025-12-28T16:12:05.123Z [INFO]: OPTIONS /api/ticket/ticket/1
2025-12-28T16:12:05.278Z [INFO]: GET /api/ticket/ticket/1
2025-12-28T16:12:07.732Z [INFO]: OPTIONS /api/ticket/ticket/1
2025-12-28T16:12:07.739Z [INFO]: GET /api/ticket/ticket/1
2025-12-28T16:12:14.059Z [INFO]: OPTIONS /api/auth/user/
2025-12-28T16:12:14.063Z [INFO]: OPTIONS /api/order/orders/dropdown
2025-12-28T16:12:14.066Z [INFO]: OPTIONS /api/ticket/tickets
2025-12-28T16:12:14.071Z [INFO]: GET /api/auth/user/
2025-12-28T16:12:14.088Z [INFO]: GET /api/ticket/tickets
2025-12-28T16:12:14.103Z [INFO]: GET /api/order/orders/dropdown
2025-12-28T16:12:59.474Z [INFO]: OPTIONS /api/ticket/ticket/8
2025-12-28T16:12:59.481Z [INFO]: GET /api/ticket/ticket/8
2025-12-28T16:14:03.533Z [INFO]: OPTIONS /api/auth/user/
2025-12-28T16:14:03.551Z [INFO]: OPTIONS /api/order/orders/dropdown
2025-12-28T16:14:03.561Z [INFO]: OPTIONS /api/ticket/tickets
2025-12-28T16:14:03.567Z [INFO]: GET /api/auth/user/
2025-12-28T16:14:03.614Z [INFO]: GET /api/order/orders/dropdown
2025-12-28T16:14:03.631Z [INFO]: GET /api/ticket/tickets
2025-12-28T16:14:14.590Z [INFO]: OPTIONS /api/ticket/ticket/15
2025-12-28T16:14:14.596Z [INFO]: GET /api/ticket/ticket/15
2025-12-28T16:14:15.637Z [INFO]: OPTIONS /api/ticket/ticket/15
2025-12-28T16:14:15.643Z [INFO]: GET /api/ticket/ticket/15
2025-12-28T16:14:17.751Z [INFO]: OPTIONS /api/ticket/ticket/15
2025-12-28T16:14:17.758Z [INFO]: GET /api/ticket/ticket/15
2025-12-28T16:14:18.758Z [INFO]: OPTIONS /api/ticket/ticket/8
2025-12-28T16:14:18.764Z [INFO]: GET /api/ticket/ticket/8
2025-12-28T16:14:19.834Z [INFO]: OPTIONS /api/ticket/ticket/8
2025-12-28T16:14:19.840Z [INFO]: GET /api/ticket/ticket/8
2025-12-28T16:14:21.854Z [INFO]: OPTIONS /api/ticket/ticket/8
2025-12-28T16:14:21.859Z [INFO]: GET /api/ticket/ticket/8
2025-12-28T16:14:26.396Z [INFO]: OPTIONS /api/auth/user/
2025-12-28T16:14:26.399Z [INFO]: OPTIONS /api/order/orders/dropdown
2025-12-28T16:14:26.401Z [INFO]: OPTIONS /api/ticket/tickets
2025-12-28T16:14:26.404Z [INFO]: GET /api/auth/user/
2025-12-28T16:14:26.415Z [INFO]: GET /api/order/orders/dropdown
2025-12-28T16:14:26.421Z [INFO]: GET /api/ticket/tickets
2025-12-28T16:14:29.190Z [INFO]: OPTIONS /api/ticket/ticket/8
2025-12-28T16:14:29.196Z [INFO]: GET /api/ticket/ticket/8
2025-12-28T16:14:30.264Z [INFO]: OPTIONS /api/ticket/ticket/8
2025-12-28T16:14:30.273Z [INFO]: GET /api/ticket/ticket/8
2025-12-28T16:14:32.299Z [INFO]: OPTIONS /api/ticket/ticket/8
2025-12-28T16:14:32.315Z [INFO]: GET /api/ticket/ticket/8
2025-12-28T16:14:36.340Z [INFO]: OPTIONS /api/ticket/ticket/8
2025-12-28T16:14:36.343Z [INFO]: GET /api/ticket/ticket/8
2025-12-28T16:15:01.325Z [INFO]: OPTIONS /api/ticket/ticket/8
2025-12-28T16:15:01.341Z [INFO]: GET /api/ticket/ticket/8
2025-12-28T16:15:04.826Z [INFO]: OPTIONS /api/ticket/ticket/8
2025-12-28T16:15:04.840Z [INFO]: GET /api/ticket/ticket/8
2025-12-28T16:15:41.489Z [INFO]: OPTIONS /api/ticket/ticket/8
2025-12-28T16:15:41.513Z [INFO]: GET /api/ticket/ticket/8
2025-12-28T16:15:54.127Z [INFO]: OPTIONS /api/ticket/ticket/15
2025-12-28T16:15:54.132Z [INFO]: GET /api/ticket/ticket/15
2025-12-28T16:16:47.425Z [INFO]: OPTIONS /api/auth/user/
2025-12-28T16:16:47.433Z [INFO]: OPTIONS /api/order/orders/dropdown
2025-12-28T16:16:47.436Z [INFO]: OPTIONS /api/ticket/tickets
2025-12-28T16:16:47.440Z [INFO]: GET /api/auth/user/
2025-12-28T16:16:47.457Z [INFO]: GET /api/order/orders/dropdown
2025-12-28T16:16:47.469Z [INFO]: GET /api/ticket/tickets
2025-12-28T16:16:50.039Z [INFO]: OPTIONS /api/ticket/ticket/15
2025-12-28T16:16:50.046Z [INFO]: GET /api/ticket/ticket/15
2025-12-28T16:16:53.771Z [INFO]: OPTIONS /api/ticket/ticket/8
2025-12-28T16:16:53.777Z [INFO]: GET /api/ticket/ticket/8
2025-12-28T16:20:52.583Z [INFO]: OPTIONS /api/auth/logout
2025-12-28T16:20:52.588Z [INFO]: POST /api/auth/logout
2025-12-28T16:49:25.810Z [INFO]: OPTIONS /api/auth/signin/
2025-12-28T16:49:25.830Z [INFO]: POST /api/auth/signin/
2025-12-28T16:49:26.896Z [INFO]: OPTIONS /api/auth/user/
2025-12-28T16:49:26.903Z [INFO]: OPTIONS /api/order/orderlist
2025-12-28T16:49:26.916Z [INFO]: OPTIONS /api/ticket/ticket/undefined
2025-12-28T16:49:26.921Z [INFO]: GET /api/order/orderlist
2025-12-28T16:49:26.946Z [INFO]: GET /api/auth/user/
2025-12-28T16:49:27.018Z [INFO]: GET /api/ticket/ticket/undefined
2025-12-28T16:49:28.277Z [INFO]: OPTIONS /api/ticket/ticket/undefined
2025-12-28T16:49:28.282Z [INFO]: GET /api/ticket/ticket/undefined
2025-12-28T16:49:30.312Z [INFO]: OPTIONS /api/ticket/ticket/undefined
2025-12-28T16:49:30.318Z [INFO]: GET /api/ticket/ticket/undefined
2025-12-28T16:49:34.373Z [INFO]: OPTIONS /api/ticket/ticket/undefined
2025-12-28T16:49:34.391Z [INFO]: GET /api/ticket/ticket/undefined
2025-12-28T16:49:39.133Z [INFO]: OPTIONS /api/materialshade/materialshades
2025-12-28T16:49:39.137Z [INFO]: OPTIONS /api/catalog/catalogs-with-category
2025-12-28T16:49:39.139Z [INFO]: OPTIONS /api/device/devices/
2025-12-28T16:49:39.142Z [INFO]: GET /api/materialshade/materialshades
2025-12-28T16:49:39.153Z [INFO]: GET /api/catalog/catalogs-with-category
2025-12-28T16:49:39.163Z [INFO]: GET /api/device/devices/
2025-12-28T16:49:39.534Z [INFO]: GET /uploads/empty-wallet-tick-1765540390618-411814263.png
2025-12-28T16:49:39.544Z [INFO]: GET /uploads/empty-wallet-tick-1764786186817-912808429.png
2025-12-28T16:49:39.547Z [INFO]: GET /uploads/empty-wallet-tick-1764693345808-530250280.png
2025-12-28T16:49:39.550Z [INFO]: GET /uploads/empty-wallet-tick-1764876270574-434239451.png
2025-12-28T16:49:51.552Z [INFO]: OPTIONS /api/volume/volumes/category/4
2025-12-28T16:49:51.555Z [INFO]: OPTIONS /api/additionalscan/additionalscans/category/4
2025-12-28T16:49:51.557Z [INFO]: OPTIONS /api/implant/implants/category/4
2025-12-28T16:49:51.560Z [INFO]: GET /api/volume/volumes/category/4
2025-12-28T16:49:51.570Z [INFO]: GET /api/additionalscan/additionalscans/category/4
2025-12-28T16:49:51.578Z [INFO]: GET /api/implant/implants/category/4
2025-12-28T16:49:51.670Z [INFO]: GET /uploads/device_image-1764693719528-18332540.png
2025-12-28T16:49:51.813Z [INFO]: GET /uploads/empty-wallet-tick-1764694088533-667242444.png
2025-12-28T16:49:51.819Z [INFO]: GET /uploads/empty-wallet-tick-1764694026324-885059283.png
2025-12-28T16:49:51.824Z [INFO]: GET /uploads/empty-wallet-tick-1764694194298-487648042.png
2025-12-28T16:54:45.825Z [INFO]: GET /uploads/device_image-1764693719528-18332540.png
2025-12-28T16:54:45.828Z [INFO]: GET /uploads/empty-wallet-tick-1764694088533-667242444.png
2025-12-28T16:54:45.831Z [INFO]: GET /uploads/empty-wallet-tick-1764694026324-885059283.png
2025-12-28T16:54:45.838Z [INFO]: GET /uploads/empty-wallet-tick-1764694194298-487648042.png
2025-12-28T16:55:12.700Z [INFO]: GET /uploads/device_image-1764693719528-18332540.png
2025-12-28T16:59:43.329Z [INFO]: OPTIONS /api/materialshade/materialshades
2025-12-28T16:59:43.338Z [INFO]: OPTIONS /api/catalog/catalogs-with-category
2025-12-28T16:59:43.363Z [INFO]: OPTIONS /api/device/devices/
2025-12-28T16:59:43.381Z [INFO]: GET /api/materialshade/materialshades
2025-12-28T16:59:43.400Z [INFO]: GET /api/catalog/catalogs-with-category
2025-12-28T16:59:43.467Z [INFO]: GET /api/device/devices/
2025-12-28T16:59:54.520Z [INFO]: OPTIONS /api/volume/volumes/category/4
2025-12-28T16:59:54.531Z [INFO]: OPTIONS /api/additionalscan/additionalscans/category/4
2025-12-28T16:59:54.545Z [INFO]: OPTIONS /api/implant/implants/category/4
2025-12-28T16:59:54.562Z [INFO]: GET /api/volume/volumes/category/4
2025-12-28T16:59:54.582Z [INFO]: GET /api/additionalscan/additionalscans/category/4
2025-12-28T16:59:54.619Z [INFO]: GET /api/implant/implants/category/4
2025-12-28T17:00:03.247Z [INFO]: OPTIONS /api/materialshade/materialshades
2025-12-28T17:00:03.249Z [INFO]: OPTIONS /api/catalog/catalogs-with-category
2025-12-28T17:00:03.251Z [INFO]: OPTIONS /api/device/devices/
2025-12-28T17:00:03.253Z [INFO]: GET /api/materialshade/materialshades
2025-12-28T17:00:03.261Z [INFO]: GET /api/catalog/catalogs-with-category
2025-12-28T17:00:03.268Z [INFO]: GET /api/device/devices/
2025-12-28T17:00:03.444Z [INFO]: GET /uploads/empty-wallet-tick-1765540390618-411814263.png
2025-12-28T17:00:03.448Z [INFO]: GET /uploads/empty-wallet-tick-1764786186817-912808429.png
2025-12-28T17:00:03.450Z [INFO]: GET /uploads/empty-wallet-tick-1764693345808-530250280.png
2025-12-28T17:00:03.456Z [INFO]: GET /uploads/empty-wallet-tick-1764876270574-434239451.png
2025-12-28T17:00:06.314Z [INFO]: OPTIONS /api/auth/user/
2025-12-28T17:00:06.316Z [INFO]: OPTIONS /api/order/orderlist
2025-12-28T17:00:06.318Z [INFO]: OPTIONS /api/ticket/ticket/undefined
2025-12-28T17:00:06.320Z [INFO]: GET /api/auth/user/
2025-12-28T17:00:06.326Z [INFO]: GET /api/order/orderlist
2025-12-28T17:00:06.332Z [INFO]: GET /api/ticket/ticket/undefined
2025-12-28T17:00:09.238Z [INFO]: OPTIONS /api/ticket/ticket/undefined
2025-12-28T17:00:09.257Z [INFO]: GET /api/ticket/ticket/undefined
2025-12-28T17:00:39.632Z [INFO]: OPTIONS /api/ticket/ticket/undefined
2025-12-28T17:00:39.663Z [INFO]: GET /api/ticket/ticket/undefined
2025-12-28T17:03:24.418Z [INFO]: OPTIONS /api/ticket/ticket/undefined
2025-12-28T17:03:24.432Z [INFO]: GET /api/ticket/ticket/undefined
2025-12-28T17:03:25.225Z [INFO]: OPTIONS /api/ticket/ticket/undefined
2025-12-28T17:03:25.235Z [INFO]: GET /api/ticket/ticket/undefined
2025-12-28T17:05:43.800Z [INFO]: GET /uploads/IMG_20250830_111612_627-1765817955506-500632708.jpg
2025-12-28T17:10:16.637Z [INFO]: OPTIONS /api/auth/user/
2025-12-28T17:10:16.642Z [INFO]: OPTIONS /api/order/orderlist
2025-12-28T17:10:16.655Z [INFO]: GET /api/auth/user/
2025-12-28T17:10:16.667Z [INFO]: GET /api/order/orderlist
2025-12-28T17:24:54.756Z [INFO]: OPTIONS /api/auth/user/
2025-12-28T17:24:54.774Z [INFO]: OPTIONS /api/order/orderlist
2025-12-28T17:24:54.783Z [INFO]: GET /api/auth/user/
2025-12-28T17:24:54.852Z [INFO]: GET /api/order/orderlist
2025-12-28T17:28:43.783Z [INFO]: POST /api/auth/signin
2025-12-28T17:29:06.647Z [INFO]: POST /api/auth/signin
2025-12-28T17:29:17.801Z [INFO]: GET /api/auth/designers
2025-12-28T17:38:44.435Z [INFO]: OPTIONS /api/auth/user/
2025-12-28T17:38:44.493Z [INFO]: OPTIONS /api/order/orderlist
2025-12-28T17:38:44.514Z [INFO]: GET /api/auth/user/
2025-12-28T17:38:44.782Z [INFO]: GET /api/order/orderlist
2025-12-28T17:38:49.167Z [INFO]: OPTIONS /api/auth/logout
2025-12-28T17:38:49.178Z [INFO]: POST /api/auth/logout
2025-12-28T17:39:05.647Z [INFO]: OPTIONS /api/auth/signin/
2025-12-28T17:39:05.655Z [INFO]: POST /api/auth/signin/
2025-12-28T17:39:28.817Z [INFO]: OPTIONS /api/auth/signin/
2025-12-28T17:39:28.829Z [INFO]: POST /api/auth/signin/
2025-12-28T17:39:31.752Z [INFO]: OPTIONS /api/auth/user/
2025-12-28T17:39:31.759Z [INFO]: OPTIONS /api/order/orderlist
2025-12-28T17:39:31.793Z [INFO]: GET /api/auth/user/
2025-12-28T17:39:31.814Z [INFO]: GET /api/order/orderlist
2025-12-28T17:44:50.558Z [INFO]: OPTIONS /api/designers
2025-12-28T17:44:50.645Z [INFO]: GET /api/designers
2025-12-28T17:44:50.700Z [WARN]: 404 Path Not Found: GET /api/designers
2025-12-28T17:44:51.754Z [INFO]: OPTIONS /api/designers
2025-12-28T17:44:51.776Z [INFO]: GET /api/designers
2025-12-28T17:44:51.802Z [WARN]: 404 Path Not Found: GET /api/designers
2025-12-28T17:44:53.817Z [INFO]: OPTIONS /api/designers
2025-12-28T17:44:53.823Z [INFO]: GET /api/designers
2025-12-28T17:44:53.826Z [WARN]: 404 Path Not Found: GET /api/designers
2025-12-28T17:44:57.846Z [INFO]: OPTIONS /api/designers
2025-12-28T17:44:57.852Z [INFO]: GET /api/designers
2025-12-28T17:44:57.854Z [WARN]: 404 Path Not Found: GET /api/designers
2025-12-28T17:45:19.937Z [INFO]: OPTIONS /api/auth/user/
2025-12-28T17:45:19.944Z [INFO]: OPTIONS /api/designers
2025-12-28T17:45:19.948Z [INFO]: GET /api/auth/user/
2025-12-28T17:45:20.002Z [INFO]: GET /api/designers
2025-12-28T17:45:20.006Z [WARN]: 404 Path Not Found: GET /api/designers
2025-12-28T17:45:42.964Z [INFO]: OPTIONS /api/designers
2025-12-28T17:45:43.071Z [INFO]: GET /api/designers
2025-12-28T17:45:43.088Z [WARN]: 404 Path Not Found: GET /api/designers
2025-12-28T17:45:45.110Z [INFO]: OPTIONS /api/designers
2025-12-28T17:45:45.130Z [INFO]: GET /api/designers
2025-12-28T17:45:45.134Z [WARN]: 404 Path Not Found: GET /api/designers
2025-12-28T17:45:49.169Z [INFO]: OPTIONS /api/auth/designers
2025-12-28T17:45:49.177Z [INFO]: GET /api/auth/designers
2025-12-28T17:46:00.371Z [INFO]: OPTIONS /api/auth/user/
2025-12-28T17:46:00.378Z [INFO]: OPTIONS /api/auth/designers
2025-12-28T17:46:00.398Z [INFO]: GET /api/auth/user/
2025-12-28T17:46:00.417Z [INFO]: GET /api/auth/designers
2025-12-28T17:47:00.419Z [INFO]: OPTIONS /api/auth/designer
2025-12-28T17:47:00.425Z [INFO]: POST /api/auth/designer
2025-12-28T17:47:01.711Z [INFO]: OPTIONS /api/auth/designers
2025-12-28T17:47:01.718Z [INFO]: GET /api/auth/designers
2025-12-28T17:47:04.375Z [INFO]: OPTIONS /api/auth/designer/10
2025-12-28T17:47:04.380Z [INFO]: GET /api/auth/designer/10
2025-12-28T17:47:10.469Z [INFO]: OPTIONS /api/auth/designer/10
2025-12-28T17:47:10.477Z [INFO]: GET /api/auth/designer/10
2025-12-28T17:47:26.052Z [INFO]: OPTIONS /api/auth/user/
2025-12-28T17:47:26.057Z [INFO]: OPTIONS /api/auth/designers
2025-12-28T17:47:26.064Z [INFO]: GET /api/auth/user/
2025-12-28T17:47:26.078Z [INFO]: GET /api/auth/designers
2025-12-28T17:47:58.435Z [INFO]: OPTIONS /api/auth/designer/10
2025-12-28T17:47:58.447Z [INFO]: GET /api/auth/designer/10
2025-12-28T17:48:10.590Z [INFO]: OPTIONS /api/auth/designer/10
2025-12-28T17:48:10.609Z [INFO]: GET /api/auth/designer/10
2025-12-28T17:48:12.306Z [INFO]: OPTIONS /api/auth/designer/10
2025-12-28T17:48:12.313Z [INFO]: GET /api/auth/designer/10
2025-12-28T17:48:13.643Z [INFO]: OPTIONS /api/auth/designer/10
2025-12-28T17:48:13.649Z [INFO]: GET /api/auth/designer/10
2025-12-28T17:48:17.279Z [INFO]: OPTIONS /api/auth/designer/10
2025-12-28T17:48:17.303Z [INFO]: GET /api/auth/designer/10
2025-12-28T17:48:25.305Z [INFO]: OPTIONS /api/auth/designer/10
2025-12-28T17:48:25.314Z [INFO]: DELETE /api/auth/designer/10
2025-12-28T17:48:25.449Z [INFO]: OPTIONS /api/auth/designers
2025-12-28T17:48:25.456Z [INFO]: GET /api/auth/designers
2025-12-28T17:48:36.184Z [INFO]: OPTIONS /api/auth/user/
2025-12-28T17:48:36.187Z [INFO]: OPTIONS /api/auth/designers
2025-12-28T17:48:36.194Z [INFO]: GET /api/auth/user/
2025-12-28T17:48:36.204Z [INFO]: GET /api/auth/designers
2025-12-28T17:49:48.166Z [INFO]: OPTIONS /api/auth/user/
2025-12-28T17:49:48.193Z [INFO]: OPTIONS /api/auth/designers
2025-12-28T17:49:48.688Z [INFO]: OPTIONS /api/auth/user/
2025-12-28T17:49:48.693Z [INFO]: OPTIONS /api/auth/designers
2025-12-28T17:49:48.701Z [INFO]: GET /api/auth/user/
2025-12-28T17:49:48.772Z [INFO]: GET /api/auth/designers
2025-12-28T17:50:26.414Z [INFO]: OPTIONS /api/auth/user/
2025-12-28T17:50:26.422Z [INFO]: OPTIONS /api/auth/designers
2025-12-28T17:50:26.431Z [INFO]: GET /api/auth/user/
2025-12-28T17:50:26.460Z [INFO]: GET /api/auth/designers
